<?xml version="1.0" encoding="UTF-8"?>
<testng-results skipped="0" failed="0" ignored="0" total="1" passed="1">
  <reporter-output>
  </reporter-output>
  <suite name="Default suite" duration-ms="10556" started-at="2021-11-27T08:52:07 IST" finished-at="2021-11-27T08:52:18 IST">
    <groups>
    </groups>
    <test name="Default test" duration-ms="10556" started-at="2021-11-27T08:52:07 IST" finished-at="2021-11-27T08:52:18 IST">
      <class name="com.actiTime.TestActiTimeLogin">
        <test-method status="PASS" signature="setPath()[pri:0, instance:com.actiTime.TestActiTimeLogin@eafc191]" name="setPath" is-config="true" duration-ms="7" started-at="2021-11-27T08:52:07 IST" finished-at="2021-11-27T08:52:07 IST">
          <reporter-output>
          </reporter-output>
        </test-method> <!-- setPath -->
        <test-method status="PASS" signature="setUp()[pri:0, instance:com.actiTime.TestActiTimeLogin@eafc191]" name="setUp" is-config="true" duration-ms="4461" started-at="2021-11-27T08:52:07 IST" finished-at="2021-11-27T08:52:11 IST">
          <reporter-output>
          </reporter-output>
        </test-method> <!-- setUp -->
        <test-method status="PASS" signature="loginTest()[pri:0, instance:com.actiTime.TestActiTimeLogin@eafc191]" name="loginTest" duration-ms="5215" started-at="2021-11-27T08:52:11 IST" finished-at="2021-11-27T08:52:17 IST">
          <reporter-output>
          </reporter-output>
        </test-method> <!-- loginTest -->
        <test-method status="PASS" signature="tearDown()[pri:0, instance:com.actiTime.TestActiTimeLogin@eafc191]" name="tearDown" is-config="true" duration-ms="831" started-at="2021-11-27T08:52:17 IST" finished-at="2021-11-27T08:52:18 IST">
          <reporter-output>
          </reporter-output>
        </test-method> <!-- tearDown -->
      </class> <!-- com.actiTime.TestActiTimeLogin -->
    </test> <!-- Default test -->
  </suite> <!-- Default suite -->
</testng-results>
